<?xml version="1.0" encoding="UTF-8"?>
<!-- Generated by org.testng.reporters.JUnitReportReporter -->
<testsuite hostname="DESKTOP-BQ3HKBO" failures="0" tests="1" name="basicTestngConcepts.verifyerror" time="7.079" errors="0" timestamp="2024-11-30T22:59:15 IST" skipped="0">
  <testcase classname="basicTestngConcepts.verifyerror" name="verifyErrorMessage" time="7.079"/>
  <system-out/>
</testsuite> <!-- basicTestngConcepts.verifyerror -->
