<?xml version="1.0" encoding="UTF-8"?>
<!-- Generated by org.testng.reporters.JUnitReportReporter -->
<testsuite hostname="DESKTOP-BQ3HKBO" failures="0" tests="9" name="basicTestngConcepts.orangehrm" time="21.238" errors="0" timestamp="2024-12-01T23:02:09 IST" skipped="8">
  <testcase classname="basicTestngConcepts.orangehrm" name="applyLeave" time="21.238"/>
  <system-out/>
  <testcase classname="basicTestngConcepts.orangehrm" name="doLoginWithInvalidCredential">
    <skipped/>
  </testcase> <!-- doLoginWithInvalidCredential -->
  <system-out/>
  <testcase classname="basicTestngConcepts.orangehrm" name="searchEmployeeNyName">
    <skipped/>
  </testcase> <!-- searchEmployeeNyName -->
  <system-out/>
  <testcase classname="basicTestngConcepts.orangehrm" name="ListEmployees">
    <skipped/>
  </testcase> <!-- ListEmployees -->
  <system-out/>
  <testcase classname="basicTestngConcepts.orangehrm" name="fileUpload">
    <skipped/>
  </testcase> <!-- fileUpload -->
  <system-out/>
  <testcase classname="basicTestngConcepts.orangehrm" name="searchEmployeeById">
    <skipped/>
  </testcase> <!-- searchEmployeeById -->
  <system-out/>
  <testcase classname="basicTestngConcepts.orangehrm" name="deleteEmployee">
    <skipped/>
  </testcase> <!-- deleteEmployee -->
  <system-out/>
  <testcase classname="basicTestngConcepts.orangehrm" name="loginTestWithValidCredential">
    <skipped/>
  </testcase> <!-- loginTestWithValidCredential -->
  <system-out/>
  <testcase classname="basicTestngConcepts.orangehrm" name="addEmployee">
    <skipped/>
  </testcase> <!-- addEmployee -->
  <system-out/>
</testsuite> <!-- basicTestngConcepts.orangehrm -->
