<?xml version="1.0" encoding="UTF-8"?>
<!-- Generated by org.testng.reporters.JUnitReportReporter -->
<testsuite hostname="DESKTOP-BQ3HKBO" failures="0" tests="4" name="basicTestngConcepts.attributes" time="0.036" errors="0" timestamp="2024-12-02T01:16:03 IST" skipped="2">
  <testcase classname="basicTestngConcepts.attributes" name="test1" time="0.005"/>
  <system-out/>
  <testcase classname="basicTestngConcepts.attributes" name="test3" time="0.031"/>
  <system-out/>
  <testcase classname="basicTestngConcepts.attributes" name="test4">
    <skipped/>
  </testcase> <!-- test4 -->
  <system-out/>
  <testcase classname="basicTestngConcepts.attributes" name="test2">
    <skipped/>
  </testcase> <!-- test2 -->
  <system-out/>
</testsuite> <!-- basicTestngConcepts.attributes -->
