<?xml version="1.0" encoding="UTF-8"?>
<!-- Generated by org.testng.reporters.JUnitReportReporter -->
<testsuite hostname="DESKTOP-BQ3HKBO" failures="0" tests="1" name="basicTestngConcepts.excel" time="0.964" errors="0" timestamp="2024-12-02T22:24:08 IST" skipped="0">
  <testcase classname="basicTestngConcepts.excel" name="handlingExcelSheet" time="0.964"/>
  <system-out/>
</testsuite> <!-- basicTestngConcepts.excel -->
