<?xml version="1.0" encoding="UTF-8"?>
<!-- Generated by org.testng.reporters.JUnitReportReporter -->
<testsuite hostname="DESKTOP-BQ3HKBO" failures="0" tests="1" name="basicTestngConcepts.handlingwindow" time="23.175" errors="0" timestamp="2024-12-25T01:13:02 IST" skipped="0">
  <testcase classname="basicTestngConcepts.handlingwindow" name="handlingwindow" time="23.175"/>
  <system-out/>
</testsuite> <!-- basicTestngConcepts.handlingwindow -->
