<?xml version="1.0" encoding="UTF-8"?>
<!-- Generated by org.testng.reporters.JUnitReportReporter -->
<testsuite hostname="DESKTOP-BQ3HKBO" failures="0" tests="1" name="basicTestngConcepts.testclass" time="0.038" errors="0" timestamp="2024-11-27T17:17:02 IST" skipped="0">
  <testcase classname="basicTestngConcepts.testclass" name="m1" time="0.038"/>
  <system-out/>
</testsuite> <!-- basicTestngConcepts.testclass -->
