<?xml version="1.0" encoding="UTF-8"?>
<!-- Generated by org.testng.reporters.JUnitReportReporter -->
<testsuite hostname="DESKTOP-BQ3HKBO" failures="0" tests="3" name="basicTestngConcepts.grouping" time="0.028" errors="0" timestamp="2024-11-28T22:13:22 IST" skipped="1">
  <testcase classname="basicTestngConcepts.grouping" name="test1" time="0.024"/>
  <system-out/>
  <testcase classname="basicTestngConcepts.grouping" name="test2" time="0.004"/>
  <system-out/>
  <testcase classname="basicTestngConcepts.grouping" name="test3">
    <skipped/>
  </testcase> <!-- test3 -->
  <system-out/>
</testsuite> <!-- basicTestngConcepts.grouping -->
