<?xml version="1.0" encoding="UTF-8"?>
<!-- Generated by org.testng.reporters.JUnitReportReporter -->
<testsuite hostname="DESKTOP-BQ3HKBO" failures="0" tests="1" name="practiceWithTestng.errormsg" time="11.549" errors="0" timestamp="2024-11-28T22:16:30 IST" skipped="0">
  <testcase classname="practiceWithTestng.errormsg" name="verifyErrorMessage" time="11.549"/>
  <system-out/>
</testsuite> <!-- practiceWithTestng.errormsg -->
