<?xml version="1.0" encoding="UTF-8"?>
<!-- Generated by org.testng.reporters.JUnitReportReporter -->
<testsuite hostname="DESKTOP-BQ3HKBO" failures="0" tests="1" name="basicTestngConcepts.VerifyLogin" time="8.748" errors="0" timestamp="2024-11-30T22:59:15 IST" skipped="0">
  <testcase classname="basicTestngConcepts.VerifyLogin" name="login" time="8.748"/>
  <system-out/>
</testsuite> <!-- basicTestngConcepts.VerifyLogin -->
