<?xml version="1.0" encoding="UTF-8"?>
<!-- Generated by org.testng.reporters.JUnitReportReporter -->
<testsuite hostname="DESKTOP-BQ3HKBO" failures="0" tests="1" name="testngPractise.CapturingScreenshot" time="11.082" errors="0" timestamp="2024-11-29T22:00:43 IST" skipped="0">
  <testcase classname="testngPractise.CapturingScreenshot" name="screenshot" time="11.082"/>
  <system-out/>
</testsuite> <!-- testngPractise.CapturingScreenshot -->
