<?xml version="1.0" encoding="UTF-8"?>
<!-- Generated by org.testng.reporters.JUnitReportReporter -->
<testsuite hostname="DESKTOP-BQ3HKBO" failures="0" tests="1" name="basicTestngConcepts.excel2" time="1.714" errors="0" timestamp="2024-12-02T00:38:31 IST" skipped="0">
  <testcase classname="basicTestngConcepts.excel2" name="excel1" time="1.714"/>
  <system-out/>
</testsuite> <!-- basicTestngConcepts.excel2 -->
