<?xml version="1.0" encoding="UTF-8"?>
<!-- Generated by org.testng.reporters.JUnitReportReporter -->
<testsuite hostname="DESKTOP-BQ3HKBO" failures="0" tests="1" name="basicTestngConcepts.screenshot" time="6.415" errors="0" timestamp="2024-11-29T21:05:26 IST" skipped="0">
  <testcase classname="basicTestngConcepts.screenshot" name="screenshots" time="6.415"/>
  <system-out/>
</testsuite> <!-- basicTestngConcepts.screenshot -->
